4 0 53 287 84
4 296 32 124 132
4 167 188 199 183
3 216 282 35
3 180 284 223
3 108 128 250
3 168 166 219
3 164 172 238
3 85 102 181
3 99 241 242
3 75 185 67
4 34 29 291 169
3 116 244 292
4 87 28 45 165
3 54 146 142
3 7 217 155
3 184 40 106
3 249 64 12
3 72 121 145
3 103 14 182
3 41 204 59
3 275 239 115
4 110 222 255 2
3 294 254 104
3 148 122 152
3 161 271 228
3 80 50 289
3 4 202 51
3 127 89 272
3 13 253 297
3 24 82 55
3 134 295 252
3 286 68 280
3 299 157 141
3 88 111 120
3 133 243 176
3 8 158 17
3 62 268 100
3 210 236 43
3 136 209 66
3 212 163 231
3 95 258 186
3 259 191 154
3 203 27 251
3 246 86 71
3 260 11 30
3 159 26 288
3 162 207 126
3 58 117 279
3 290 197 262
3 193 3 192
3 92 298 256
3 227 160 229
3 276 61 215
3 273 195 47
3 220 170 97
3 218 23 194
3 105 177 143
3 15 22 240
3 107 114 233
3 137 73 46
3 171 109 206
3 56 48 189
3 74 6 270
3 60 237 135
3 144 269 37
3 156 131 130
3 18 25 153
3 44 147 123
3 263 140 94
3 150 76 178
3 225 190 1
3 125 283 77
3 198 101 49
3 19 90 52
3 187 42 69
3 285 119 151
3 129 70 293
3 200 83 173
3 261 5 211
3 113 235 278
3 38 10 208
3 224 81 257
3 63 118 9
3 21 93 149
2 281 205
2 57 201
3 79 16 175
3 267 138 247
2 91 98
2 39 112
2 277 248
2 213 196
3 230 139 274
2 214 264
2 174 20
2 226 265
2 245 78
2 232 31
2 96 266
