48 2735 8204 4387 2928 5006 3938 330 1733 1968 7387 2095 7271 4406 4266 8428 2535 5872 909 1818 6325 8197 53 213 6490 5568 941 8181 2553 1151 9204 2872 9455 6395 3937 6092 2707 2574 7261 2353 8145 7052 8503 8877 8385 6052 4281 7601 8054
11 1209 6321 1794 2081 2331 7511 4952 1360 8658 1344 8364
23 6466 3457 7612 6884 1530 7249 57 9620 4659 1676 5426 3874 3271 196 8334 1590 6862 3796 2099 4915 6465 9827 2755
29 5018 6456 1170 7704 8774 9559 1904 6425 3636 2613 8324 6737 6094 6582 7145 8743 4087 2694 618 90 5734 2777 1519 5722 7797 9181 7760 1706 2597
30 9313 8179 3410 7198 7451 1955 4064 8085 5656 7245 1631 2275 4227 1299 2025 4394 936 2729 9919 261 6608 3650 8821 4754 4176 3332 7571 8422 6687 8543
22 2519 1384 8566 8370 9144 3566 9712 4639 9539 2866 8809 2849 8276 7317 1059 3003 6070 5659 1312 8519 4553 8350
24 4525 2531 7156 6199 8447 200 3544 2999 5642 6422 5193 9346 6999 143 1280 5657 2460 6311 6015 8648 4779 790 980 9117
36 88 6418 1406 4648 6951 5777 8093 8955 2585 6407 7169 6163 979 9980 1791 7987 2636 9139 7650 103 8863 2279 5419 2285 5383 220 8201 6303 2155 9618 625 9125 4926 1987 3861 9891
33 7109 1866 4541 2386 8617 2525 3421 9192 2383 9983 5999 4543 3416 887 684 7520 2892 3961 3195 8829 5754 9021 7622 8805 205 1036 6611 6524 7157 532 389 3207 7343
34 2465 7188 3540 1973 5732 5694 9894 3159 6823 3438 4925 1836 6869 5339 3144 2889 6506 5115 9174 2066 2069 9841 747 5897 2435 3978 6421 1658 637 8279 7069 6087 6750 2840
21 4309 583 8630 8302 6110 3291 3263 7743 809 6565 5575 1164 8121 1373 331 2047 954 9695 336 4949 7264
27 5970 6662 8262 7346 3475 3902 6459 5862 1538 9616 6282 27 5288 2226 4386 785 5085 5144 7126 7450 2759 2798 7597 4753 3533 240 4778
18 4839 3321 4208 2120 4298 7694 5750 3254 1552 9568 341 7297 9189 3931 5361 1909 5029 4538
33 719 6189 7490 501 2438 683 2501 5767 2443 3072 5548 9442 6734 2685 7377 3074 9664 6545 868 8465 8340 7992 8880 140 2310 9200 8321 4418 1060 8581 7436 9753 9281
17 6031 8184 2128 8859 919 1506 9008 6074 5515 7669 4134 4735 669 8726 758 3857 8789
25 187 7229 2324 5808 8449 9320 3462 2497 9738 6024 6066 461 7301 4117 30 2366 1907 4073 3145 5730 8822 5326 6055 5059 3809
33 1066 1414 5875 5332 3779 3595 8917 8284 3832 914 6948 701 9425 309 1124 1457 3365 8461 7851 3209 6259 7671 5432 3486 5749 3140 58 4257 4308 5977 8137 2618 8618
21 5335 4056 4428 6747 4910 4207 1601 3663 8118 6013 6672 7037 1179 7339 280 21 2737 1842 613 4941 5157
41 8175 2944 8024 2649 7193 6814 6618 1942 2568 9724 9299 4840 7363 26 5986 4852 8513 3738 8081 8347 1167 4336 6001 7360 2303 8002 5736 3431 3678 1157 7054 3814 8866 1645 6788 8313 1148 9650 7123 3069 4929
33 1560 1227 5017 8747 9477 8529 7135 3451 2415 9054 4068 698 3292 1720 1075 1078 9239 7313 6813 619 2269 1119 9885 8423 5869 2301 7412 4077 1536 6959 9876 5714 7641
16 3580 6269 3951 4635 2690 511 8445 5660 2076 6237 5452 7817 15 9968 3341 6495
22 6689 6502 4537 1100 5535 4107 3398 8379 2665 2884 7197 1338 8444 4496 8072 6211 7594 93 7972 6682 5821 3313
8 6252 4586 7532 3694 8819 4916 1339 5284
23 7965 3546 3579 2026 4661 7255 9743 1667 5690 2802 691 7715 1891 7754 3977 2024 9643 9533 8199 2563 4804 7025 8810
15 549 1879 3358 1689 2481 9099 427 7307 4896 8696 762 6365 3611 1001 8301
46 2432 5881 6493 3459 9385 290 7785 4713 7558 2810 352 6179 3799 1470 9987 7796 5523 4060 4569 9706 4429 9697 4712 8992 9933 8844 8234 3659 160 6256 5648 3087 5066 6428 3876 8999 6108 6700 7603 3627 7722 3028 1327 7410 6644 5253
14 1178 2589 1433 2548 6866 3115 6926 8993 6396 72 5969 9732 4160 3259
16 3090 9670 1407 4352 5282 9238 3210 484 4608 5140 744 2431 7189 9193 8824 2494
25 6002 1332 7687 5743 2143 482 1500 8187 5584 9889 4792 9975 5995 2972 4634 310 412 1149 7427 6950 3787 8152 4445 1015 8622
30 8773 3008 5520 9929 7839 3076 9386 4505 2257 8757 6759 207 3706 5703 3852 3427 7981 1798 6535 3633 2946 5407 1641 4310 7524 2814 3848 5458 4156 7058
24 8292 113 8425 2899 8979 7975 6220 7380 7092 3759 4588 454 4380 5673 5787 2747 6616 9336 7154 443 4393 7899 3749 7404
42 7475 8213 1630 5510 3354 1994 4297 5601 9276 7642 8694 1595 8644 1051 6868 7610 333 1057 1446 2350 6054 9853 4155 6432 3713 1971 750 6166 2182 5834 5290 1279 9771 6445 5806 2259 9486 9383 898 8106 6507 9916
21 2920 3697 2738 902 6786 2657 9071 9018 494 4006 6297 3504 8762 5469 480 7051 1969 6973 1699 8490 3825
32 4094 9046 6849 2963 5890 4807 7884 7535 3839 7907 5070 2693 384 6363 8738 7327 4870 3004 5827 5530 7480 4975 7367 3552 9599 14 4760 4530 4052 4697 8433 8606
16 3629 8271 9935 6735 4575 6634 3936 4403 3886 6250 7165 2321 7649 9700 2509 3569
30 677 567 5387 5654 2455 9926 6316 7442 7922 4021 1250 1246 5298 1258 5781 9178 4864 2624 1184 1481 7530 4231 7950 5735 9797 4731 8541 1456 7235 4241
15 6670 5615 8209 5500 3188 802 9450 8609 8176 8719 6659 1241 3944 766 5127
34 1757 1447 4260 5744 1002 6409 2931 1396 8291 405 2854 4912 5577 9348 7549 3700 8812 723 884 5053 4527 5588 6022 5676 4534 6401 9585 1234 8089 3871 3987 4904 8119 1003
25 5440 658 4706 9306 4794 3411 8940 2654 708 3418 9249 6904 1483 4313 6417 650 6702 2886 7946 4383 3529 7834 6080 398 7937
22 2571 5727 7129 7575 6200 7892 7 4609 5940 4462 7963 6275 4434 9067 4324 900 3520 2224 8372 811 3589 8377
14 3607 6607 5991 9191 764 8752 9069 6501 6606 1636 1698 5147 1295 2770
18 5497 8965 1024 6174 185 3000 8886 7815 3516 6972 6768 5056 2194 5871 8929 8893 7335 8319
33 6822 8787 8158 5034 4717 6128 1850 4188 3813 9748 8317 983 344 4222 9342 6937 5795 3363 2058 1526 9332 9016 4447 1021 5932 2046 4861 8090 5202 2679 3838 3984 1510
12 672 9820 6658 9595 5983 3022 5204 1544 4568 1306 2271 7825
29 9752 3708 726 3573 1310 6122 4173 1371 996 5747 1618 9060 525 6079 5333 45 5987 4923 5153 7526 8255 9857 2812 4998 4424 7896 2773 7146 1378
13 9913 3655 5457 5405 6243 1067 7194 901 8488 3378 3518 1254 136
10 4078 6767 7325 8629 2307 5811 8452 455 5988 1569
9 8310 2603 9347 9459 933 5889 7002 9558 8171
47 4008 8783 8020 5060 2681 3632 6340 8191 2673 9075 3896 6907 8864 2402 5864 866 2805 2947 3962 6975 5729 1901 2876 2451 6175 6812 3888 7545 5677 1829 5331 9415 2168 5961 593 9606 2853 440 7268 6317 4540 3224 7391 4451 1758 472 4120
15 423 8149 5491 9544 7355 4720 3351 8129 2414 3237 370 2215 7160 5985 609
22 9976 6044 9864 7512 5579 2505 9031 6566 1875 6140 8293 3463 3894 8177 8074 4075 9774 2632 5979 7291 1718 6494
41 303 2828 3197 5721 3833 4493 6967 3439 2556 7984 6379 2234 3075 7525 7502 399 5122 3141 453 6556 4578 8473 363 6736 9855 5078 6388 2202 7033 9115 1675 9502 7390 204 4041 5130 1014 9196 5055 5854 5398
15 9847 7435 1192 6669 9875 1848 9887 2877 3576 8508 3641 3741 6294 9829 2134
36 1335 1838 6924 530 498 5593 39 816 8926 2089 2151 518 78 1649 9456 4810 8845 5570 1657 3956 5574 4581 5297 6516 3192 8056 1915 755 5048 5667 6177 9747 3042 9765 430 247
9 7657 4873 4546 9401 3129 7572 476 5913 5646
25 7013 5858 7925 3730 6351 6651 9791 5509 3548 5028 4422 9036 79 6796 5095 6895 2013 791 7413 7310 2253 7281 7017 7713 3346
34 1315 9402 2123 1363 3875 2235 4652 3970 1862 4274 6331 3843 7727 9167 6306 4809 386 7734 2237 1786 1449 4847 2367 2517 8388 6371 167 3479 3189 5423 4181 6614 7376 4823
9 9707 2296 7210 8967 1186 2411 2926 1304 3631
48 5934 1784 8459 6304 248 9680 8989 4481 2217 2160 1109 8869 5033 2921 4689 4802 9659 9508 3443 8383 6625 7626 7024 4407 806 3674 8387 539 5738 8006 8221 5456 2894 3060 4254 3900 9535 6278 4577 9580 6817 8441 4968 6573 5404 1180 3347 9970
27 5299 6794 8055 499 332 4845 6776 8495 4076 5882 2500 4191 7945 4678 8322 9672 8393 8949 9986 4995 5942 436 4841 1958 9560 994 8535
23 6783 3276 2538 9246 1697 4867 4245 376 1294 3062 106 3086 9082 4812 2822 6448 2165 438 3923 7818 8939 6350 6063
24 3055 3005 7846 8328 6245 9002 4544 7856 6716 1459 8026 8788 7149 2094 1935 197 7618 2170 1052 5446 2238 4911 675 5859
33 8878 3918 3133 2206 6114 4340 434 7326 5565 6846 1976 5093 4631 1025 3881 5427 3385 3801 6145 8315 62 4757 2488 1849 3488 3626 9608 3113 6978 3928 590 3279 7441
4 7463 666 7948 2612
14 4679 1512 8661 6953 740 4591 5444 7046 5591 2113 9850 4296 9374 2049
22 1273 3409 6457 4200 1267 7867 8192 1245 7980 3179 4574 7127 9147 5895 9210 598 56 4049 3665 3690 3559 710
34 3696 4984 9300 5305 2345 9072 9080 6763 7723 815 7500 7656 9258 687 1975 3217 2195 2647 8409 7495 7827 8983 228 9942 4129 7681 648 5949 1619 8320 7166 2280 8337 8700
8 4742 9405 4885 3202 3396 6533 1653 8710
25 4377 5227 5358 8073 5295 5156 8530 3194 5952 3261 377 3986 9687 9160 4701 8289 2218 7807 5537 510 2016 3088 6286 4338 2273
24 1776 2166 9137 9282 1804 6842 9819 1232 3290 7633 872 6793 6487 6508 6889 1374 5845 937 9781 4927 8211 4606 3185 1722
8 6412 3249 9452 7792 9890 3193 3539 1035
42 2135 6139 7891 7314 8042 6584 7191 643 6593 7924 402 4472 2375 9270 5004 5689 3856 5002 5956 9363 184 1171 7063 471 654 7439 9518 6554 569 1270 5321 8124 9417 5337 4391 307 3698 5251 5051 7964 5254 302
33 2949 477 8376 6206 1206 895 3121 4264 3470 9292 2213 9480 2364 9651 3389 5498 7942 9211 1578 5119 4576 7038 5842 9197 7955 4061 1213 4728 9714 316 7943 2845 5174
26 1097 2424 4693 7104 6164 5516 1777 8831 85 709 2395 2842 4937 938 2078 8492 6366 8725 1145 2087 6332 3448 2462 8946 641 8907
48 7429 789 8739 6498 2600 9678 1511 546 3648 7724 1166 6808 8150 724 8974 6415 2153 3392 5167 9661 3234 1444 195 9688 528 6337 4960 3897 5165 5468 3318 358 2575 6310 1462 504 2855 3071 8139 9648 6007 1403 1095 1581 329 4790 9304 8022
19 7957 3527 3608 4255 7853 1749 34 4529 8297 7997 179 6500 6295 1574 8483 5752 4005 1545 3797
38 1543 2233 3208 3572 1959 2382 8112 4123 5400 9652 8014 3425 9328 2229 6605 4378 678 1402 5243 4903 9331 8258 1622 4831 9653 2619 3955 5330 5518 8592 8744 3890 7181 4918 6088 9818 6518 7460
30 6403 5218 9226 9143 4628 4125 7259 9026 1534 7510 8997 2358 8068 7528 5639 7012 2980 8522 5807 2549 6646 8660 1895 8677 1070 5246 3914 746 7432 3637
42 3156 1637 7180 6068 4630 4875 6984 4615 3958 2187 7679 137 6921 7865 6290 2580 9366 1266 4567 1604 9447 7875 3387 7616 1423 1775 827 2801 2569 9413 6887 2363 3243 6761 4466 6032 4977 7057 2847 1841 8847 8217
20 9393 4877 2512 7804 9109 6010 3131 9745 5788 8626 5283 1899 2879 2703 2836 9371 4554 4909 6257 638
42 519 9406 6159 4665 210 5012 5422 9645 560 2164 1393 7222 2042 776 2596 122 7707 4460 1932 7786 4036 6738 9488 1451 8875 291 903 6878 3831 3933 861 3899 5634 3744 2827 8666 7717 4752 18 5876 3850 9532
32 4601 2297 5572 5042 4964 7879 9163 2956 2068 6117 6429 8436 2555 591 8531 5363 7747 588 5492 7780 2258 411 4859 8579 7044 2764 6057 5150 5474 6241 1359 9476
37 5324 1492 5393 6053 6338 8682 8504 46 6589 397 4969 3754 3314 4111 3924 8431 3201 6187 1132 2148 6504 4681 9389 6324 4946 1329 4201 7590 3497 3771 3153 6835 2638 5281 101 3480 6453
29 9003 6404 2641 1734 9316 8915 9654 1634 6580 4664 1859 4105 4907 865 9810 3163 7651 527 8437 6774 293 5357 3982 4419 5950 9124 8712 2709 7359
19 8890 1113 6826 3037 2503 4288 2446 5814 7959 4463 2458 7880 3310 2210 7409 7424 6585 8527 2169
36 1515 6745 400 4371 2667 9027 7014 5770 1264 6571 2933 3150 3152 2991 1806 2447 7721 5993 5945 4425 3467 373 5454 4707 3348 7902 8333 1219 1940 8183 6979 8647 4220 8008 6060 4865
21 1305 1228 5948 2230 6450 2036 241 9737 5437 7275 2184 4209 3127 8460 4106 4692 9136 2116 3824 2486 7702
42 1992 1605 627 2523 7638 3108 4028 8194 3215 177 7445 7604 8288 6596 65 8007 1592 7791 1499 9917 4890 7782 964 3707 8280 1596 8632 25 6577 5643 2002 6688 3268 7826 5129 1112 9260 9432 4519 9427 3870 5616
27 7928 6150 7553 7567 4602 6886 529 8190 8485 4775 2174 3862 8691 7998 7341 4777 3999 7090 6602 6505 6137 8628 9275 1853 905 2177 7844
27 2015 3826 5356 7078 777 8446 2498 9378 3251 4979 9428 9237 6707 5367 500 3244 752 3158 4175 5327 132 5916 9352 4680 3303 4417 1878
23 6263 9649 2357 7224 9030 4705 2060 3435 1509 2790 1943 1391 6885 2052 1448 1688 5340 5715 7790 4232 2793 5968 5257
17 9619 739 5818 5748 8521 3026 4372 646 120 4491 2048 387 8550 6203 5692 492 3536
12 4435 190 2536 5746 1995 3200 4520 1365 8013 8720 4868 8734
20 3817 4583 8435 874 1276 3445 6985 6336 2527 3531 3228 8229 9720 2346 3767 7476 3335 6405 4432 5586
32 8640 7889 6558 4084 2147 1755 8421 6089 4034 9101 9496 9623 6915 275 6806 83 338 5083 8475 8343 7944 3161 262 3272 6520 955 7953 2133 6461 5923 6931 9172
45 3869 696 945 965 7430 9164 6512 853 9062 6081 7562 5323 1096 285 4651 4473 9941 4992 4368 7505 5350 3397 6560 1477 4740 4514 6557 4015 4361 7828 6992 8781 6640 324 4275 246 9057 2734 9703 1938 2592 4905 82 8612 4268
8 3442 7398 5698 209 1399 3502 7011 8122
43 3253 3575 2106 8224 6942 3666 4806 6809 2304 1721 9516 1429 1531 2901 3854 133 3186 8775 1307 1034 4881 5925 1567 6318 6947 1769 2003 1375 7855 3383 6531 3187 2987 8501 9434 9690 1683 401 7748 4057 9831 3514 616
23 2316 1609 9128 9556 3541 5957 9511 100 1263 7643 6491 3646 1476 4293 365 8799 8627 7178 2765 2756 6308 9868 4468
21 2720 3236 2942 8277 3910 1518 9524 4318 5366 9763 4449 1556 7421 6330 9999 9953 4149 8735 749 778 737
47 6663 817 9851 1121 565 4115 5428 8037 8652 5844 7081 7564 1176 538 2370 6375 924 304 7615 8049 8359 2197 5681 4165 420 5645 1017 5633 1214 1816 5199 2932 426 7774 8066 4668 4542 4780 1133 6598 8724 4242 3742 7742 4490 8453 3880
32 474 7114 2748 3024 41 9254 4957 8173 5830 2453 8686 8798 8023 7414 2479 3547 670 7547 9114 3316 6043 356 7582 1493 9049 1533 5345 7073 3687 9461 3892 1300
8 4758 1438 3160 1142 135 6356 7110 2368
27 5868 8557 6752 7677 5425 119 32 6648 896 444 5764 5967 8103 215 5373 4768 9376 6281 5810 9943 3262 8143 7720 2389 9605 978 1744
24 7070 3294 1984 6741 4673 7683 1175 3366 1422 9836 9222 599 7122 9754 7821 9540 9567 3942 491 2606 1115 8327 1207 2586
41 9514 6135 9768 6756 4228 5779 9127 3098 1620 3895 6674 4561 8562 2938 1871 8126 4562 4235 1914 6486 4789 2433 7699 8526 4395 6588 3582 1361 4341 2701 1397 5488 925 8011 6049 8240 5121 1868 1367 7458 6993
45 1867 7287 6877 4194 9874 9757 3537 5628 4503 3904 6344 8075 1104 1639 9420 4667 9800 4219 9043 8903 2684 7125 2084 5258 3391 7848 7897 6525 8050 8496 4650 71 7027 1703 1754 8355 8802 148 3492 5011 6998 5388 8308 4320 3286
28 5192 7993 8699 3068 6922 6771 9130 4017 5553 5008 7242 7050 9468 848 2779 4600 2529 6341 3745 4484 9184 5623 5536 6212 5455 3093 5063 4243
8 6277 8290 9503 5712 4953 6222 1817 350
33 606 7108 2436 3673 8193 4654 490 692 5171 8749 3233 1920 855 2274 9755 2524 2420 2295 2183 3506 7767 605 6254 2427 8497 5965 460 1362 7059 486 2970 1022 4563
42 9679 8711 8713 5386 9015 1681 7842 3213 9709 1387 537 7521 385 9506 2004 7584 1696 7302 1237 2239 2459 4822 7771 9076 3118 9041 3911 7473 2562 7159 3175 3040 4413 2643 8352 4172 1452 6118 1972 818 7766 3617
29 9563 6740 5377 8419 3807 531 871 7010 4497 7837 2054 138 1787 5188 4085 7823 5801 3277 5139 8593 6442 3613 4218 3630 7354 6709 1183 9360 6988
44 84 8484 4437 3865 9830 6749 1491 6705 4607 156 9952 4895 6041 6103 9221 7004 9541 6353 6102 6020 7653 8680 738 8651 9312 339 4655 3953 3183 7067 466 1607 8899 3280 3252 712 1991 4769 3180 9169 9095 679 437 3478
48 4058 3758 6804 975 1503 6438 823 5088 7309 5310 5465 2122 550 2086 2601 4718 5379 1073 9083 9780 6552 8689 6697 6777 8039 3360 359 5595 2149 8041 9856 3711 7736 7518 5784 1437 8267 2830 8836 2604 2361 1837 2583 8925 5652 432 1701 3812
26 5424 3651 4223 7406 533 8219 832 7276 7988 8667 8407 1117 8603 5708 6722 7809 7368 6153 9861 3612 8282 797 70 3860 6721 4846
32 8731 4781 1090 3976 9944 3191 2059 4595 2173 9963 7103 9701 8620 4981 6708 11 126 4698 9148 2950 6859 8390 2545 1839 8016 8776 3320 5898 9839 9756 2265 4142
34 7956 1803 5359 7381 1255 2063 2051 2478 1525 1690 7076 1502 3374 2678 7725 7155 4771 8966 6075 558 1413 8570 362 5641 7213 9294 1086 3106 4054 8260 5159 5232 2609 144
14 2247 5213 9691 245 9382 2570 169 2930 9900 8542 3507 8244 1844 1814
28 7499 7320 1852 9602 6711 9634 8768 3802 3124 7315 294 584 6910 3561 5527 779 5143 774 1624 3241 4919 201 2413 6530 4850 9914 2088 465
25 2695 1372 2520 4109 9485 6446 3232 2385 930 4270 5915 544 3584 2874 2607 7142 9784 5600 1714 1597 8855 5478 8753 8517 464
33 3555 6123 2791 2975 3603 95 9064 5453 3940 9948 4819 8413 1330 5372 8186 5039 4055 1822 6423 4590 6540 8264 8842 6790 870 8248 4370 6791 521 5759 7470 4325 4640
37 700 3990 8323 7546 6536 4657 982 3993 6380 8737 9812 6121 1896 130 8871 2281 5909 9006 433 2062 4663 2903 5479 1789 8732 8619 7660 4392 5926 4570 5599 5395 8538 5294 4311 1293 2818
15 2356 3596 2742 9806 5566 3616 9457 8353 8378 3165 7576 6932 7370 6190 6684
20 5693 3257 6004 1640 5627 4854 8151 388 2343 833 8148 8134 2228 9418 17 4820 7303 3535 8862 4374
12 7861 1860 842 6410 3614 5503 798 1763 8914 9344 5573 5190
47 2883 109 7319 2782 2856 4101 5036 595 9177 4347 9817 2977 7749 319 2417 5163 1424 5005 3 5016 3487 8539 4280 7962 1740 3844 4762 8498 7728 1890 2158 3151 4954 5010 75 6427 9760 8180 6872 944 7869 5362 9220 7496 9577 7467 6870
40 5445 1013 166 3601 9078 5663 2442 9209 5557 5679 7691 1709 6181 928 214 6945 7417 7124 6847 2728 334 7168 8196 6276 7670 3815 7022 6354 6355 5624 5669 5580 221 3343 4795 3304 6943 8808 2130 5244
20 6815 9463 1489 8040 8348 2207 4617 5514 4147 2040 6683 5041 736 4365 5191 7286 3709 5475 5865 9354
28 6381 6329 2006 3849 493 2440 1863 4990 7344 1415 5009 7843 1461 5556 9783 9278 8242 8841 8061 7800 5106 8889 6637 5430 1919 8643 2620 9501
21 8518 3640 8586 8207 4404 2041 8742 4344 382 5941 4685 9421 2341 7298 6583 5597 8091 8363 1522 9131 3097
13 4618 9985 7347 9171 4573 1007 3440 4216 2083 6934 6489 9359 8468
26 8477 699 7082 3947 7102 2577 1324 1023 8998 4239 6553 8733 5013 8818 2962 7074 2746 8100 7803 5922 5551 2337 2289 4185 3110 2627
11 7399 9920 3170 4299 7787 8071 5382 9782 6266 295 3380
20 7401 9052 8426 8902 780 9557 6825 7912 7216 969 2156 163 6301 4515 9994 8140 6578 9880 2887 9269
40 5235 2714 7927 1655 6503 146 4862 3315 1660 9632 9611 9881 5380 4625 5992 5911 4547 8325 3399 9079 6483 5805 9866 3878 2334 1851 1505 8846 5277 6918 7185 4480 5266 2392 6723 2902 4580 5812 1190 7951
16 6724 5237 6377 9286 8514 7559 9854 2878 3995 8861 6914 4811 5545 2677 8087 7986
7 9084 1874 8274 2373 7147 174 108
16 1138 1651 7372 3375 2000 9617 1453 9962 8214 1259 4939 2534 4086 7909 7560 5501
24 4379 4414 4467 409 1041 863 8986 8656 7552 414 7099 2552 7107 4360 3296 3788 7332 3733 4183 2807 7290 2888 1114 5883
41 9409 7116 1030 3510 3199 1729 6638 8403 2753 2924 6962 2407 8533 3782 6389 624 894 7394 686 6387 8281 9295 6675 4579 9531 226 110 1713 1238 351 6099 4994 9301 4516 1952 667 2623 1826 6364 391 976
9 4090 9473 2426 1588 150 4482 1430 2591 4773
55 713 3148 7428 4196 5541 35 8995 7759 1152 8970 5260 4031 9074 1924 8450 2309 2526 6728 6234 9113 5292 8524 9739 1450 6803 841 6219 5980 3452 2676 340 6370 5936 571 4427 2705 4721 5924 1881 479 4676 8295 9005 99 6136 8657 1728 6373 5846 8580 1191 3712 6603 7733 8210
8 568 4959 5710 1208 7097 5908 5071 3503
16 7929 2079 6239 9487 782 6076 3721 9912 9264 2467 5608 4426 6857 8688 4646 5384
26 4059 9852 4455 5205 6021 6034 5766 6956 4328 7903 4249 1198 1981 4343 4357 4009 6447 5786 4198 742 1918 1670 1486 3736 7362 2974
31 8758 1593 5219 3765 1199 3606 639 1031 1154 6733 3913 8873 7385 6755 6289 8697 5203 9522 604 1730 6837 3668 9973 1216 6792 3677 8404 6881 6492 7115 4622
10 3549 7230 3329 2566 935 2663 7256 1062 5441 6610
30 8708 3138 6155 8786 3083 8681 559 6132 4400 715 7498 7361 9319 4772 2863 4092 6298 7177 1719 441 4438 2662 9663 7233 4961 4671 2475 7845 1998 8235
20 2917 7471 5189 6475 4704 6537 2706 9809 4879 4653 1541 2910 7384 1781 3447 2344 4459 1340 2528 6509
24 6916 9974 5517 2537 9871 8368 4643 8804 3434 6197 1785 3691 7257 5037 1173 258 8849 3971 3327 8371 8429 5058 2243 20
40 5086 9996 9666 8440 4733 2754 7534 4415 6850 2065 8326 9479 1047 9939 8673 3939 223 1671 7536 6628 2030 9807 8318 9093 2022 1520 1877 1542 3162 7740 7676 7087 421 8080 5239 2961 3863 9918 5848 9430
40 9675 315 3092 7602 1723 4587 2781 4593 2355 7513 4828 7080 6120 6696 8705 4682 2175 2960 2611 3553 1068 6636 760 2419 2616 9315 3996 6084 269 9051 6468 6449 7744 8142 5198 5753 4649 2286 170 5723
20 9305 5990 6168 2539 4088 8791 2952 4063 7456 8968 7926 4908 9668 763 9 1084 86 566 2862 231
20 6901 9685 9267 326 7434 5371 3949 7431 4431 1354 9689 3950 5685 5460 1301 6715 1865 424 3586 8957
12 6695 2838 892 2718 7337 9296 1408 383 7906 9214 2227 1006
46 4071 5113 8715 8573 9696 1386 9419 9537 2661 1864 286 3499 8928 4453 3610 5473 7440 37 5117 7130 4464 149 9704 3483 972 1650 7591 7333 9122 6787 2820 7550 4381 1107 2692 1517 9840 8095 1398 2985 6844 9129 4197 9004 1562 8019
7 563 3430 1854 9092 7250 4736 8623
31 117 2788 2335 3017 4666 6526 8298 2954 1475 5632 4498 1417 7920 8963 6138 6820 283 5032 5484 3841 2789 2093 3545 94 4526 6400 1548 3823 2699 7655 4492
24 5860 4511 6875 8157 5888 2181 1762 1553 5994 9133 8945 1045 862 5486 6519 9085 6779 7990 8344 5604 9977 3679 8163 4186
7 3307 328 4164 6879 5756 6686 5463
35 1040 4112 4080 4016 6652 9262 7777 97 6248 2246 8160 4821 6235 9785 6888 9247 1870 8009 3763 5552 8442 1469 3935 4102 4684 4187 335 4524 1049 1249 1268 8604 5223 6143 7241
20 8395 8848 5466 3830 9353 3542 6216 7342 7808 3901 2397 808 1861 8605 589 5077 2456 9717 5857 9329
11 6228 8104 5480 6420 4230 6534 7863 9749 1377 2864 6170
16 9888 5112 9627 2973 9625 6305 1239 9186 524 9257 8908 3441 13 6665 3887 1038
19 2061 3196 5025 9735 9180 2473 6971 8851 2898 6238 4824 4545 9555 7577 8096 5737 5494 2819 6613
27 5300 8021 8203 6265 7312 7034 7364 6251 4872 8800 6746 9268 2179 4856 8793 6581 7388 4674 5906 2590 6704 8771 7254 4342 5403 5886 8230
42 769 7357 6192 4225 7382 4139 5043 1583 5014 9612 3146 8952 8883 4204 4443 6326 4805 77 6714 3980 9870 6754 8583 3917 3599 8930 3684 6564 2127 1616 6852 3954 981 7218 9601 9676 927 6045 9277 2032 3043 3969
7 4494 2736 2642 1488 6433 1439 2544
34 3371 864 6208 8464 607 6480 8860 8164 9553 5782 819 793 3645 5364 495 171 6014 4619 80 7322 7299 1321 4945 9236 2050 3206 4284 4551 5399 1118 5833 9146 9311 4145
9 3855 2784 9813 7580 1792 5107 8854 4027 4089
25 4855 1635 1524 168 3605 3220 475 3482 3099 8956 7794 1271 8416 7305 6713 3356 9593 6262 5981 4626 9162 42 8954 9515 8330
15 273 3067 9469 3050 3680 1496 9159 8560 7515 509 2023 1392 4221 2758 8345
26 222 5487 3317 9640 3058 1627 5674 704 2377 3657 2547 8111 7630 6760 8706 3033 1044 2080 7888 2993 2730 9123 8226 1677 5790 4662
27 9550 3104 8307 8470 8906 8745 3266 2644 8565 6543 6802 43 4572 1996 1434 6949 2579 2347 1659 3716 3240 2249 4444 299 6209 3638 5825
14 9979 3384 2511 4048 6173 732 3016 2721 8763 9431 8427 5132 7678 2255
15 3988 3029 8462 3602 6903 4065 1686 4301 6253 9656 2554 4741 2200 795 181
39 4307 6851 4421 7243 8128 3054 5124 2480 4045 6268 6161 9298 2125 5417 9213 8811 9630 7497 1999 786 4461 748 2582 3908 9310 6369 4972 932 4967 8707 6207 5813 2193 7563 1287 6981 8265 757 4803
13 1105 3176 4456 6642 6463 9843 3422 2326 1633 1093 9834 2724 9326
45 622 271 4502 8816 9116 660 4966 1738 9440 2121 5481 463 9157 8547 4899 3593 6692 8415 693 155 9683 8252 4974 1707 7280 1432 1401 5938 1103 784 9414 4193 7170 5960 9719 3922 5521 3128 371 5978 4295 9993 7393 7375 5841
44 3167 2293 4980 3921 5783 2900 1346 4744 6460 4677 4924 5256 7866 6619 5583 4033 112 4770 4978 8010 1933 9318 9170 2965 6299 4051 3006 1957 4385 5594 620 4131 7756 8655 9521 7349 8790 8130 6112 3652 8078 1951 263 2659
13 2576 1251 1177 1326 9492 6078 5169 3770 1458 3751 3173 6527 2144
39 2559 4170 4624 5920 3972 2799 9375 1311 3952 7187 6333 9844 9433 8064 3323 1235 4335 104 9725 4817 2381 3538 7652 5823 3670 574 3125 87 8408 5236 3084 1482 623 4901 831 8482 8463 5547 7093
23 1005 1625 5887 6567 881 6744 2290 1711 3081 158 2071 44 5843 664 4670 6065 788 8867 3898 176 9775 3288 8332
12 3444 9495 9869 6474 1685 225 7096 9263 1110 1376 3752 3386
12 29 6455 6012 2352 2119 8303 8780 6635 6481 7772 325 3032
21 9449 1421 4128 1130 1471 2308 4144 2493 3642 5873 9356 165 9126 6194 2725 9048 1594 5485 2221 6191 9380
23 9799 5856 2401 1223 3554 2409 2776 7043 7729 4528 8815 4814 7469 6933 7938 1669 7184 9168 8613 2492 6595 7533 9573
15 7952 661 7086 4973 5650 7811 2652 7613 4244 7183 9507 6246 587 5046 5173
21 7318 2915 8254 3840 2997 671 9564 8300 254 2110 5610 1922 576 289 2491 3349 8717 5661 8424 2964 3619
9 9581 1778 3490 8649 8750 1140 2186 1962 4013
32 5716 8892 1054 1508 8110 1886 7118 2260 2035 5001 1504 3476 6864 235 754 7220 5651 7570 5233 8270 2311 2995 5589 7960 7447 2027 1673 8417 9453 4240 820 9404
26 4894 7585 502 6563 2651 3732 1181 2360 459 5031 5076 7614 857 8551 7755 7935 1029 5180 7506 9848 3571 9499 5057 5931 9860 4955
32 9216 3424 3866 5602 7494 1474 8523 7150 458 8664 9859 1584 5306 6452 9205 3256 5561 8813 9674 3920 9945 3481 5905 347 4719 2317 2761 9365 1099 1108 1546 8663
11 585 4184 6255 267 6523 8306 7933 9878 9614 9736 6127
43 7040 1674 5771 1843 3370 4171 7041 674 6657 4397 1944 9324 1934 9240 3574 2614 9225 1753 1682 694 6801 9471 7703 6661 2232 2666 8457 6095 8032 367 9088 2372 5928 7836 1726 9390 2103 8879 0 6441 3134 6458 3618
8 489 3891 720 9252 5352 2834 7206 6154
34 6961 8548 6765 8766 6538 7386 6346 7555 4433 5619 342 2835 7006 5154 8031 2851 3508 7930 7121 162 3764 7306 3806 9582 6499 4465 4691 8391 1278 3172 2073 6853 7111 1929
28 7913 2711 9778 3339 1468 2994 6891 3979 1827 7071 4936 3774 1950 2428 337 7908 1091 8639 1808 9465 4083 1813 8487 4723 9215 4332 4177 3737
31 920 9087 2626 8346 1580 1222 1281 4930 2362 6098 1643 9950 8182 4675 1911 1420 7587 3449 3689 4898 2236 6225 9762 6229 287 931 9253 3515 5197 6018 7437
39 4842 9412 8198 989 6856 4035 2482 7745 6082 3465 4163 9849 4074 3757 3174 67 543 9758 9150 5919 2978 3401 63 8117 5315 653 8405 8777 2379 5560 8454 8684 6368 3715 4785 535 7138 7459 4987
23 9283 2957 7446 5892 9538 292 1494 5861 6367 1193 9106 1612 9368 3772 5172 916 7718 4382 6008 8729 5349 180 6086
6 7468 2422 2794 2376 7714 9915
39 6706 513 697 7557 3885 7663 4880 1256 5702 6757 1069 8843 1638 8063 2599 3494 2017 7285 4100 1666 6315 2572 7443 7775 3889 1694 2005 4287 8515 1549 4261 9746 8589 2196 1847 6147 4140 2463 5020
32 2941 9274 2780 9562 4409 6133 1189 9655 4857 9526 929 9038 3454 6743 4212 5704 6940 4878 4535 2719 116 217 4389 8469 9959 9437 1196 1347 548 8568 8000 3837
28 961 7779 9543 3009 4993 8250 5558 8360 4694 9594 5506 1485 4001 8045 6666 2454 5 2510 4148 9713 8625 5773 8982 3703 7751 4018 8098 7472
21 8703 7117 6327 3795 6398 7203 9165 4477 40 8638 8159 3031 1876 2452 1027 8067 4157 7565 794 1547 1410
18 2008 8792 7196 3119 2969 4594 1466 5289 9734 2722 8571 9767 9061 8607 3543 2019 1009 1134
19 5341 457 2881 8772 8236 6009 3729 3227 7105 4751 8716 9660 5867 7202 1809 8 2185 5376 7182
6 268 4233 8285 2982 2660 1325
42 8102 5954 4686 9872 1352 5238 6188 118 8987 7366 7967 4121 3776 6038 6833 3808 2039 8931 7551 1463 9086 227 703 8927 7675 7961 7420 4727 2918 404 6976 5762 3063 3100 4416 6828 488 702 4267 7289 8898 6342
9 2384 3773 8195 8602 3035 5973 1573 3929 6221
40 957 8978 3105 172 6119 1215 4099 775 244 847 8237 3845 2841 3436 4533 151 9671 257 4135 8439 8668 8944 7378 2328 5765 4598 8561 7491 3932 1788 1231 4510 6358 259 6334 7991 9014 2312 4277 1418
13 3578 9636 1351 253 6320 9017 503 496 551 3768 3769 9693 229
20 6831 5049 428 1272 2937 5050 7595 5803 4699 7770 4159 7609 5250 7065 6462 8549 3828 4715 7773 9350
7 8670 2074 1064 2786 9241 1805 5471
38 5769 4935 8434 5668 1684 8671 6719 9151 7457 8505 3466 7857 8027 1980 8693 9397 6042 8127 3747 3395 1535 4082 6382 346 4488 4022 3864 9600 869 9013 2594 9960 2767 1473 3522 2540 8178 8131
28 5717 873 128 2159 9978 1743 4621 4739 6376 7598 8896 3526 7396 2668 1440 9066 8769 3324 7487 1617 3250 7905 1043 1570 3965 8083 7731 1318
11 4829 3334 7741 6124 2584 6510 5270 5832 8392 923 9750
14 6807 368 6058 1782 3916 9621 2646 6691 8305 5742 2533 4844 1088 5225
6 311 206 2935 7009 5226 3235
14 372 7768 3381 3906 5850 7408 3198 995 8389 6217 3872 7039 89 7813
44 2869 3461 5540 4202 5539 9832 9475 6484 6832 2393 959 3592 7763 6378 9722 8976 6083 1050 1357 997 1094 288 2739 2911 2283 1092 3059 917 3834 5946 9098 7688 3803 9898 7055 2114 2450 9787 6349 2833 9024 4040 5179 3883
45 2986 5089 1830 596 9037 7162 5622 3623 7176 8316 1348 4104 5559 7077 1308 4747 6861 9460 4950 1289 9416 7371 1990 4333 878 2028 3089 9726 3941 5079 3273 8608 8894 6731 4860 5831 5322 2550 5731 7035 8311 5855 3255 8057 8154
25 9325 8832 1260 7174 6969 8876 2394 1523 23 4853 573 725 2588 68 6411 4556 8386 3002 2219 5269 469 9446 3688 8430 9638
20 2912 2118 7236 849 6927 7548 159 9132 147 523 1752 7045 8491 947 5804 1395 4044 4136 1000 5098
24 8675 481 1313 5719 7211 7479 9364 5962 6172 949 7316 9438 2958 9208 5176 8764 4893 1037 2844 6623 5755 416 835 5467
10 4143 608 9628 7277 2464 1319 3181 8600 9530 5325
21 4150 9255 3816 4376 1106 9923 8228 189 4532 1203 2034 8960 8933 581 4323 4614 7292 2936 7015 9699 9766
30 6198 9965 5757 2967 761 4555 2404 1211 7048 3394 7221 4224 1368 8807 6678 7132 7217 5080 1885 1388 9245 4238 3725 3804 8537 765 9040 5178 6834 4700
31 741 5996 6718 830 9182 9410 2831 6893 7761 7829 6925 6751 5134 1695 5470 988 6957 8012 1122 9794 7348 6107 1356 8683 5311 5964 662 9259 392 343 5672
40 3030 277 2399 7662 7253 4278 8296 3710 3450 6769 6622 8833 3053 4442 9877 7886 7556 6811 6249 2757 9865 6464 4334 3355 7336 5438 564 6599 5461 8964 2629 1128 111 296 3369 9669 7985 6917 5334 1150
18 7862 1869 8218 8108 2506 9355 242 6604 2396 5705 1989 7868 9399 9662 3177 4943 7621 1225
42 3281 8574 4349 7579 8937 7746 7693 9388 4113 8662 8017 5026 5880 9716 4388 7321 9194 3379 4234 4571 5035 9598 5585 9059 3517 7979 418 3728 6419 2014 8467 3604 6770 7369 6693 1195 8168 2821 5798 2090 9334 2163
5 9626 4833 8382 2573 7492
23 24 5369 9297 9951 1529 5344 7003 5231 5030 9525 2775 8942 1366 2490 4269 4226 3983 4364 6955 431 1230 9227 8850
17 7141 730 318 1977 4007 8806 1168 3230 8339 7079 3274 2598 4976 8959 9811 2441 7173
9 7716 4154 16 3184 2157 9387 6073 8123 3458
39 3149 1564 7226 9314 7682 8094 1081 5160 4302 8857 7296 6821 9407 5262 4688 1988 2990 1964 3455 6149 5525 1224 2687 7400 9825 5149 5680 717 5828 5081 9528 2302 4808 8411 6019 6158 6994 7758 5108
7 3103 5636 306 7152 8654 7527 7223
36 1993 6307 5955 4658 7665 3468 3609 3258 8401 1692 6443 2 561 3753 4251 2142 3495 6129 8048 3164 6632 2890 5671 891 522 8685 1801 7696 1600 9493 8858 3046 1341 7789 998 7161
4 1664 9012 9927 6703
33 1724 5554 9947 1963 572 7477 1725 4638 3851 4787 8502 9001 5768 1840 1819 8004 2850 4312 8025 1229 3178 6431 8170 5255 9788 4849 9802 9081 1385 3301 1126 9803 5531
40 6965 1218 6141 66 5866 7068 2330 7822 9823 9694 3285 953 3963 8650 1383 1217 4190 859 8361 2567 470 5524 2282 5490 577 5110 6568 1704 5774 8455 4766 3964 2067 9280 188 4126 8138 1614 8185 9796
46 375 8784 4869 2140 8259 3775 1846 3203 8257 4800 9482 4062 6437 5208 9155 4486 6772 5640 5308 3078 5168 1572 7072 198 5416 9009 5215 4500 5997 4110 6050 7225 3048 1172 1759 8479 9873 3683 1739 6631 2905 7814 729 4479 5939 6288
9 5902 3821 956 7464 6762 8202 8358 1284 2131
44 2020 1010 4246 6742 3112 6196 5279 9928 249 1979 4014 6406 9779 1767 232 9224 3299 3568 1382 4874 973 3136 1358 2832 7258 2416 3822 603 3558 9149 6383 7478 1380 555 7739 1336 7983 1077 7784 2502 2698 1892 9937 5415
40 8329 9845 640 1913 942 7730 6374 5792 9741 1561 3570 8534 5794 8755 7507 6522 5482 9547 186 4521 1316 7153 5522 3361 5496 647 2484 7895 5618 2650 6766 6109 2146 8678 8759 4367 4401 8934 9910 9642
22 8420 3991 7085 9512 2551 767 1143 4965 7890 7247 9096 4192 9519 5151 8943 913 9484 3111 1087 8044 3064 3985
6 4687 4836 8991 6272 1880 5550
14 734 8448 2470 9429 9481 3867 2107 1799 6515 5247 2329 6242 59 5697
36 9187 2198 9815 6454 161 2745 8245 4944 9607 3501 7462 2205 5259 1116 3142 2682 8003 7486 1828 2895 9883 1400 3312 6668 9529 6899 5142 1954 5935 4180 349 317 845 5637 2516 9677
12 3647 7000 49 966 2564 6986 3671 9792 3390 1642 6819 3528
9 9121 2896 7163 1425 6676 6384 7537 1082 7700
18 2313 3989 435 3966 5267 4709 9044 2515 9094 3600 6394 2251 5138 3417 3853 5592 9776 626
23 445 6296 9042 1910 141 6062 5087 230 6106 890 4167 7689 4002 5023 2595 1761 9403 7635 7802 7974 5513 2615 9536
39 768 9011 7994 1902 9846 7066 3909 5933 7488 4550 5519 7647 7148 3340 1513 2244 467 8107 1163 6620 6572 7921 1925 8399 2403 2487 4448 1156 7644 4108 5776 879 9338 6005 5348 7219 7831 3284 3975
19 4214 3368 69 7190 2927 6280 4636 2115 9790 3216 575 7021 6970 5216 943 771 2449 1247 2658
23 8962 4848 1997 7444 3338 9991 6671 3306 7029 2723 1708 630 8456 6193 5024 4813 8910 107 690 2300 321 4091 4891
5 1135 3403 9721 6795 6260
42 4066 1908 665 753 5375 1441 9458 6587 1101 4584 2760 1748 8721 7566 2945 6712 3123 2861 1345 7195 6996 9886 7418 963 6906 1409 1780 9587 2387 651 1442 1153 4596 7859 7484 2145 5839 2998 6322 5436 7131 9517
19 3693 7373 354 2291 4195 516 7726 4539 5268 4043 8935 6444 1956 1058 9025 3107 5318 5631 2208
48 157 442 9104 7698 4585 8030 6597 379 1004 7508 3007 6987 3597 5658 6240 6873 8591 6778 6414 449 4565 4322 3577 2587 7345 6126 4835 3662 2778 5542 1766 706 1608 4627 9443 9590 9931 6343 4474 6390 7509 1731 5581 6944 7311 8980 6748 3289
8 5649 3362 2532 3014 2457 9589 8941 5504
36 7119 7248 2333 1046 9647 2045 1309 6393 7167 6848 8511 2670 2740 1772 4351 6655 5320 4423 803 7419 2351 1856 2542 5802 9903 3472 5528 4956 652 1893 4303 4189 4506 5508 9906 1558
7 4346 3786 8637 4656 6182 5982 9833
15 8587 7631 3585 7628 1079 3513 4696 821 1016 3905 7266 3267 4487 4471 9250
31 1888 4507 951 922 617 5170 5100 2558 7764 7830 8659 7383 6085 5947 7623 2826 4783 6100 4037 9217 5447 4174 2096 2689 5894 9793 5413 7215 796 7133 5543
5 9140 8309 9349 2212 4982
36 9207 5214 2783 164 3818 907 374 8827 9089 1679 1428 5670 6920 7091 9462 5785 3686 9967 4902 7619 5963 9572 8676 2688 8233 7056 3563 1648 838 4304 2824 3800 5797 2070 5578 7214
4 6649 7379 8088 3155
21 5381 2495 4826 2731 1884 4485 7425 2543 2875 3085 1831 7712 3846 4038 6939 4138 9798 8897 910 5944 8069
9 8520 1970 2112 7692 8116 826 7769 9377 2796
33 4637 5507 7172 6615 6026 1537 5914 8486 6292 800 5097 8299 4454 3484 3682 8294 6758 6511 4439 4612 7200 1737 3695 8005 1478 3248 2925 1812 8174 5296 7228 1137 4292
15 8342 825 6392 9065 4986 2578 4327 711 3731 3432 6036 2154 2504 1626 4660
4 2418 5621 4133 6016
24 7293 6202 9251 1797 7504 5401 4373 3223 9367 4837 3034 7841 915 5185 36 8499 4743 2865 3265 9454 9711 8701 4350 6997
18 5885 4815 4285 266 3493 5082 3524 5526 5567 7680 6680 8553 6397 2100 6470 1652 1226 2530
3 7227 9579 1705
30 1563 5829 5061 7101 7860 3551 9862 4258 824 114 2672 7887 4738 5505 5918 7634 1076 7053 7850 7705 9692 2391 792 5431 2287 6093 4962 840 8113 3664
40 8950 7648 8146 2639 2981 9158 5700 6898 2141 612 4012 4582 4290 173 2398 7179 1750 9801 4210 8215 9989 3587 1243 5319 5177 5740 6892 3766 6335 6097 7423 308 7606 4399 7374 5937 1141 4897 2322 8740
19 2429 7637 7554 3420 1557 552 9381 425 3859 5301 2621 9534 3222 6816 4420 6226 3656 9990 4103
29 5402 3426 8823 1873 9610 348 9466 4888 9228 9073 6883 1946 3137 4988 2762 3101 6205 731 3010 6928 5655 5921 8528 9235 5706 5893 7910 5067 1274
48 7088 212 4291 5751 6270 3345 993 5809 1480 8645 8820 7894 3761 9998 9358 9542 6983 728 1314 5778 5019 3352 9218 9958 9327 5007 7201 4026 4748 1687 9588 4933 6233 2750 5549 9615 7308 8577 2716 9391 9340 7269 6148 9494 7719 2922 1823 8556
21 8559 4761 5212 3701 2171 380 897 5635 9574 1756 2715 8545 238 4316 4647 801 3912 1053 4122 8047 7031
42 610 8351 2338 6023 8412 2406 7697 5221 2630 355 4566 680 4669 5929 8961 4217 276 6977 1026 3521 8161 745 8286 5863 2199 1405 9161 5206 3109 4116 6586 2891 8751 323 3056 911 2628 3298 1586 8722 962 8331
30 1528 5307 2605 4749 9561 4355 7274 5564 2248 5329 3295 4248 6730 918 3154 274 958 3489 9470 8115 9435 450 7917 1606 6528 6827 3598 478 8730 2469
18 9901 364 4003 9907 7244 6624 8756 8256 4504 5683 8238 1903 7395 5368 6348 4 2408 2664
5 9523 9744 9613 4887 1331
7 3654 984 12 1576 5758 2203 3723
40 7028 6125 2916 3057 1587 5701 578 5835 987 9000 8988 582 2923 614 8601 7999 7454 5763 1165 6030 4053 4501 3639 4816 5114 7858 1760 468 8853 8837 1185 429 9622 8919 2098 31 2007 6911 6559 4592
8 7711 7574 98 152 233 9273 2445 9708
37 6913 6836 92 1565 553 9478 7493 4642 2444 3925 2137 5389 5587 6858 7735 547 1857 1889 9372 3214 9047 5084 3649 7607 5365 9500 6929 5800 9426 145 5429 5224 1074 9637 3400 5666 2691
22 541 199 2992 3036 5799 2696 9684 9195 9019 5910 3456 960 8114 6725 8380 5596 1514 5817 6151 3719 5476 8414
34 3471 1527 4558 3414 7901 2817 1768 3624 7143 9624 8366 1071 9029 5072 1882 8432 9835 7098 9111 6180 6385 5196 520 4917 5397 9904 4306 7426 3653 8765 8132 4458 9520 8572
23 4495 615 381 422 8597 7941 843 1220 1248 5201 2882 2332 714 6167 7094 1296 456 8283 8060 9740 9293 3994 1212
15 6633 601 8796 6261 5241 990 8984 3946 2315 8481 6880 6231 4279 8563 1435
11 4536 8835 2261 9949 3760 7778 6958 1579 4069 5230 3204
19 3168 718 6000 2178 6213 64 4213 9822 2989 7654 4722 4329 6184 6323 6051 8043 4446 5280 8582
38 19 3557 8059 5287 2984 3793 1455 3621 4767 5302 9908 3534 7781 3045 4067 1926 2700 7047 4152 1011 7674 5741 3001 9053 8172 4182 9398 9032 7589 4797 3020 9921 9814 1158 7600 2298 5273 5370
36 6115 6473 5303 2180 6643 6784 8990 934 4353 6909 3278 5094 9103 1702 3699 279 4947 4259 6025 5183 5271 5175 2405 5483 6532 2267 7060 2858 9445 1661 2792 5745 4294 7204 8994 8891
38 8728 7465 1550 5678 5228 6896 9156 2220 4247 5064 4734 4711 8916 3182 889 2268 663 5274 600 2913 7032 2150 3419 1056 1894 5261 1764 4548 3297 4095 5410 7283 1467 9773 1751 9764 9176 2983
19 6694 9805 9769 9179 6399 629 6279 2388 3790 2846 7949 6591 7262 1479 2421 4531 8674 1887 2117
40 1353 47 5917 5263 3169 5576 1872 1048 5725 6839 2713 6974 6830 3027 3406 260 3331 8336 7753 4932 6555 2489 4708 1498 5826 2811 3581 5145 971 804 1144 4010 9243 4508 3681 2671 9198 7112 6789 5125
34 3743 8410 7934 9341 9710 6247 3685 1521 2948 8312 4832 8239 6104 9302 5385 153 2231 812 9055 2242 7639 1028 2262 7539 9007 899 4354 4162 5342 4641 6521 5449 4348 6185
8 6160 6003 950 4205 5695 369 5903 7659
43 7561 6360 2245 7246 9068 1746 6283 3981 6902 9729 1197 2374 8746 8097 5664 4489 2109 8958 3359 545 985 4262 6267 8936 451 3382 681 8084 3226 2369 413 51 1379 1334 5836 1802 5148 8948 5896 3781 9545 4047 4124
37 8564 4863 2825 633 8555 1182 1700 462 5099 5709 2359 5317 9571 8969 9233 7982 8922 7541 7838 9323 7517 6144 673 781 1577 1928 8053 5791 7251 9956 5003 7350 6569 9396 327 6271 3021
21 3239 1221 6413 6739 8546 9897 3372 1061 3635 4922 7485 2704 2976 8834 2474 6717 1147 828 3791 5900 3588
3 6039 5562 7089
40 297 2904 3915 8155 657 4958 8996 8028 9436 1283 8881 5052 6478 8672 7976 96 968 8905 6309 2124 7835 6230 6232 6964 1063 642 6890 7776 7452 7523 6046 8046 8275 3734 948 8070 3229 7356 2410 7252
26 2278 5285 4629 9751 2675 8062 2906 7592 6905 2645 1715 8268 4843 366 243 1551 2190 8314 3437 9422 813 850 2971 2091 8727 8839
42 7799 3066 3594 5069 9731 3675 4776 7915 281 1464 320 2561 515 3748 5849 6469 2785 7820 7543 6224 5614 2871 4362 7295 1811 1089 1205 4436 1691 1484 5974 9058 4928 1665 2161 5065 2211 1599 635 3500 1931 8480
32 3025 3073 9345 5187 1487 9972 1937 6630 3469 9229 2082 5314 9110 3377 5529 1253 9682 5675 2294 6027 3353 2012 2371 2466 5286 5772 8474 237 5989 3357 3367 4931
7 7877 5090 483 9190 5091 2209 6111
15 5027 8536 846 1647 5433 4326 8243 9641 9248 1790 5959 9362 8253 1236 7049
8 5222 5120 3783 3038 1355 1745 2053 7940
45 394 3512 1111 2323 8882 9742 1644 9566 9911 2766 3509 1188 8767 1394 7288 3011 7351 6874 8669 3660 4276 7605 487 1298 1906 9591 505 2860 8365 5820 7765 6936 4146 3934 7989 5075 4161 314 3792 6273 9936 8374 4127 4716 1948
40 5304 1200 4250 7883 8367 9242 2640 2108 6178 4046 4892 2241 2319 3847 7757 7904 4710 8779 7397 7330 2522 2365 5607 5448 1632 7695 2674 570 2342 54 407 8269 4589 265 2593 4996 4522 3620 722 2225
30 8189 8803 9464 5495 2653 9035 6359 1297 9837 5105 2557 7806 3474 6165 6982 1275 2340 2634 6679 3130 1727 8471 8525 4039 2162 1155 2111 2483 7482 1174
36 8406 2717 208 1774 255 3428 2955 9185 5904 1566 3919 676 4289 5611 5181 5164 2496 5152 6894 7919 6071 9715 4215 4151 3423 5613 4283 8092 9154 4337 5533 9909 6434 7586 3408 8147
41 61 8588 6818 6101 6989 3532 175 3974 4236 1960 2513 3039 6312 2631 9142 3473 7340 9902 8476 1945 9400 5195 5789 9565 1554 8135 904 393 7658 5229 1793 1390 5207 5162 5435 8384 3945 2152 2138 7824 5629
14 9411 9631 9575 4411 8973 9145 9984 6285 1585 4611 6546 1898 906 4750
6 8509 1986 9483 9392 1018 644
45 5343 655 5240 6601 2732 5713 4724 9288 5684 5394 6391 4470 3556 991 7599 4549 4970 7583 9828 2256 154 139 5590 2733 3412 9188 7294 6660 829 2380 7667 6690 3998 8472 9063 1161 2136 4934 6435 3388 6845 3780 9940 8001 2276
23 1735 9045 8856 8034 3082 4366 105 8687 7573 8494 202 1967 1921 8590 6116 7402 999 877 682 1941 6090 3523 6467
37 1833 284 4029 2033 1613 2075 5021 7872 7793 2622 2037 5073 8400 9490 357 6629 1982 5733 6264 2354 2772 9786 1131 5103 9932 5038 8634 3658 8611 9905 7324 3868 9451 5653 8396 1055 6479
4 8227 1 7783 9472
21 4098 439 3740 6274 5116 2809 5451 5998 5630 6963 5411 6726 592 2546 4168 3968 1629 6854 7405 3560 3246
42 5598 5699 3319 9118 8642 300 178 6882 1930 6681 3269 1411 2837 6617 1065 4359 9548 8200 305 851 1717 5761 3634 9578 3096 2001 885 6028 38 8036 1490 8451 4633 7617 1419 4408 2843 3718 2608 5819 8718 2055
19 9020 839 4020 3789 8951 3205 1443 4398 8631 2648 7501 6223 4317 1416 4729 8232 7001 4951 1019
25 7640 8338 507 9135 7636 4300 4623 8266 4866 5878 7267 1123 5958 7192 5502 4265 3413 3242 2712 2263 3704 8828 7738 7632 4023
20 2327 4153 4137 415 127 4384 3622 5824 1364 76 6386 1598 6157 7164 3948 6810 1834 1905 9824 1322
30 7064 7876 497 9527 9546 9604 8220 7812 2907 2468 2021 688 129 7106 9821 8165 8512 3926 7272 7752 7893 5118 8885 2514 1712 1333 2727 1571 4483 8913
24 6361 7666 7323 2077 2105 6698 3785 542 8373 1539 880 9361 5532 5104 9816 733 4620 8141 1125 4512 8076 5975 6590 6919
20 1978 9586 7690 378 3778 6570 5603 7805 6930 9370 9667 6451 6064 8540 4272 5442 836 5420 4469 3330
39 9291 6069 2635 7209 2919 1985 3429 9077 7415 4784 6800 2104 1012 5464 6047 2139 7788 8599 5625 7238 621 5346 6072 8287 7514 9491 191 4599 1795 3322 6195 3275 6496 9971 8082 3836 3218 8594 5571
22 5406 1240 8079 1845 3326 5847 6416 5101 4921 9322 7205 3293 7062 8544 6105 2299 6006 7273 2254 3805 8402 628
42 6900 2056 611 9576 1369 2602 649 7873 3211 9303 9592 9513 9230 3282 6609 9988 8817 7265 6539 4963 8920 9665 1611 727 2752 1765 6935 3019 8633 2795 6236 123 6440 4610 8507 756 9552 4305 7996 1472 1261 7795
42 7455 419 1201 9497 772 9234 74 8510 9379 8918 912 3077 3221 5976 9955 1277 361 9718 5421 875 9423 6471 787 124 2476 2018 8443 5200 270 1080 312 2968 3219 2266 6300 1582 3702 1680 5434 3858 6113 3120
11 9166 4920 2934 6966 9761 7263 4798 1412 8610 7075 1159
13 55 4011 5815 6302 5459 8205 4315 2683 7026 2880 1290 5408 3643
19 7911 1252 5291 8665 4331 8506 7971 5211 6775 1897 3714 594 8304 634 7966 3091 7973 773 3023
35 8489 9105 5054 992 751 2320 876 4989 6156 5879 2057 3722 8911 8516 2437 239 512 6773 7331 534 3446 8584 9899 1265 9961 8354 6720 2803 2092 9279 6867 8723 4412 4604 8825
37 4948 854 9858 1098 9028 7516 9882 9141 1656 3328 9884 1783 7819 7708 322 2943 250 8971 9039 2499 2868 858 5275 1936 1540 860 3720 4983 2349 1202 6941 2521 8216 4286 3591 5682 3402
16 6656 4830 4396 8761 9505 4971 9896 3505 7407 7389 5278 4523 9444 4517 8596 8704
11 7810 1233 5477 6402 2771 9570 3746 3373 4206 1855 8598
32 9090 1628 4938 6647 5837 121 9789 2191 2272 473 6130 4597 3960 3336 5128 7240 2471 4889 9261 4991 3407 7878 8144 9309 5617 5252 602 8888 2423 9369 298 9770
40 554 2305 3116 9199 4256 8263 2966 1716 6838 8099 9838 1800 7620 8692 3139 7100 6612 5068 7832 9510 2873 6347 4166 2816 743 5022 8977 9308 4402 1575 834 2870 9922 844 251 3080 5760 4695 1210 8375
29 7329 3717 3565 1693 3190 9394 7466 1302 5123 1568 5462 7900 4263 3877 6513 4746 5166 6798 3628 6033 9966 7854 7578 6841 1732 5392 5126 4793 5272
7 8029 977 1835 2852 8938 6544 8895
17 4882 5686 3583 7684 9070 8466 6797 5726 236 5450 4179 705 8341 5044 1288 807 6514
11 8698 2518 7686 8615 4070 7113 1083 8356 2306 4321 1085
37 3564 7870 3615 4024 4913 8695 4871 1589 5907 6345 395 4690 5092 134 3212 4430 5943 3511 1974 5793 5136 7175 7449 2988 1821 264 7954 4132 5489 562 3676 9290 5443 6664 2839 4158 142
38 1815 8133 5234 102 7816 9265 5899 2292 6426 6056 4564 4499 8136 6146 4942 256 970 2325 4369 5220 2560 1187 6990 1621 632 2222 2029 5378 6284 6040 4672 2637 1285 6621 8222 8797 2669 4339
39 1269 9702 3530 7762 3231 7231 5210 9333 7672 3625 8616 3052 4032 2204 5984 8077 1370 3519 1610 5109 2101 3884 192 4271 6781 2929 5691 1445 526 7338 6477 452 5439 4079 8278 7042 9635 4799 5953
22 7186 9705 5620 3433 9100 3784 403 4838 2680 6408 6183 2625 9203 7885 5141 3287 3819 7673 7968 9317 8770 2848
21 8578 4405 5186 4252 9050 8052 8900 5638 1162 6017 3350 7544 597 7416 5248 9596 2914 360 1961 8690 1139
10 6529 4703 7668 7438 7239 2288 2769 4883 6210 4319
39 5971 6430 3325 5724 5374 1160 8018 2565 4559 6548 2859 1042 6574 7016 4730 5851 6131 2336 2010 8852 2763 4030 6227 8912 631 5015 3309 6653 6954 2726 182 2815 3957 3095 2277 579 685 8947 5606
39 8458 8554 2250 5135 5409 81 1779 8801 4072 5133 9023 6908 6171 6339 5309 9212 6923 5687 4560 814 8357 6860 8709 4827 3132 3810 8206 4229 9772 5096 6291 5209 7008 540 770 5647 707 9569 6439
19 1773 9633 4613 4450 8595 9357 636 4884 1532 3811 6699 2439 2959 8576 7588 2768 9335 7581 3283
11 6424 5626 2686 6048 5838 4441 1912 1008 7542 9287 9231
39 7849 6029 3047 9138 8167 3930 7234 3997 1603 7898 3967 2808 1741 5391 9384 6785 9867 7914 2348 1136 8335 2485 9969 6091 9119 2097 5111 7030 9173 1858 5884 2743 3835 5276 9339 2823 3460 218 5688
45 5161 2216 7710 7208 9033 3102 4130 9408 967 8500 7422 4282 8826 695 689 9879 3907 1668 9727 9863 9930 5360 3013 3525 7995 6667 4118 7023 7625 7084 1404 3882 9373 4726 4702 7083 60 7611 7801 6685 234 6840 5265 1559 939
33 3311 5816 9795 4645 9981 3393 514 6865 6677 3750 2909 8646 8261 4906 4985 7352 6600 5739 2953 5775 5609 8714 9271 1242 4509 410 783 7489 6627 3238 2656 8884 4725
42 1883 3739 2787 5045 1257 1947 7334 272 536 2804 7627 8105 3404 9658 7403 6829 7978 1262 1672 9730 2708 6938 3344 3927 9895 5546 6549 4737 9603 8794 6592 6673 4199 1507 1495 6482 8923 3041 3264 447 4042 3755
12 6780 6186 1460 1146 2857 9982 5412 8394 7199 6732 7522 1426
10 3147 2132 5102 1286 2461 125 4025 7328 7433 6314
19 6485 448 506 986 6871 7282 2011 2072 4714 6562 5155 3959 7529 8621 1796 9091 8247 7061 8478
23 6912 2031 7531 1072 9175 8015 556 6077 8241 6162 8679 9509 4774 3015 5972 2318 7136 2697 8249 7151 1939 5390 2897
31 8736 5711 3453 6639 3669 7503 2885 8033 9584 3308 1591 282 2189 3756 28 50 3777 9448 7706 7923 6037 9285 7970 5418 1244 5338 2188 7833 1427 8251 4476
7 1194 1949 4356 9424 1710 4796 9644
17 5245 8868 91 3247 396 2412 6319 7279 1303 822 2064 131 6876 6576 3012 1923 5538
21 6654 2425 6293 7882 2270 7453 2264 2223 5264 5822 7540 2339 3727 6096 6035 3762 2940 5874 9938 9673 2813
31 6541 4050 3879 3477 921 115 2477 8038 5074 52 5901 8624 5582 1328 4825 7007 1516 7353 6204 2996 4452 8567 7608 7932 3337 7212 6328 9728 4081 4557 446
23 6952 9925 313 6215 2655 3943 9893 7139 3726 8558 9551 7144 7593 6011 1825 8398 2252 4886 1983 1966 2172 6 1020
4 2176 9804 805 557
22 8932 6550 4940 645 7019 7171 5951 6579 6727 1282 4314 9474 7624 6824 946 5780 9337 9120 3126 1204 6650 1343
20 7864 9549 7685 7840 6313 1436 4858 883 5062 3135 1747 8748 3893 5313 8532 5852 9946 3376 6960 8162
16 1323 5347 6729 4786 2979 659 8058 6067 3225 586 2908 926 7568 1602 8120 224
41 3692 6710 6764 8188 952 252 4552 3798 9992 8830 4358 3550 9351 9583 2129 22 7646 6142 5217 4801 5966 5696 4765 4513 9034 7304 1032 8985 6472 5927 8208 7300 6701 1662 1663 9467 1497 9646 5312 5293 5665
16 8086 6352 3051 2741 9842 7134 8782 6476 485 6218 6134 9826 8741 2633 1555 8153
20 9733 7737 5511 6357 9134 9964 2702 2541 7483 5644 9439 810 9010 9307 1120 4203 5047 1454 8552 5720
15 3667 5158 1465 5853 8909 867 3305 4211 8901 6059 194 2390 517 6517 6995
37 4475 7874 4141 7847 4605 2240 8981 2192 408 3496 3661 4093 278 7260 6061 1770 5877 9153 4745 4004 5840 8778 1916 2201 1927 3166 5146 4375 9266 3644 5499 7977 5718 2610 4683 6152 2508
15 8840 8653 908 8785 7474 8109 2829 3079 9330 5353 9498 9554 6176 2430 5000
25 2774 9657 8575 6244 3117 4756 7629 7569 7931 3498 8904 852 4330 5472 8872 6897 5512 7461 8381 9686 3061 5336 735 9723 1623
22 7709 8614 6575 7284 8493 7596 9995 7358 2744 345 3464 1127 9808 5131 3415 8369 1350 8838 6968 6258 759 3562
28 3049 5182 3270 1349 7411 2797 8585 9639 3044 4019 1810 8225 1771 6799 6436 8166 4000 6855 1654 668 5605 2617 9108 3171 1807 8349 4818 7519
20 219 417 1102 2751 9232 7852 9201 4755 3794 5707 4253 5354 3143 73 8223 4390 2806 8865 3724 8921
8 7020 9954 7732 4759 4273 3903 8870 8874
8 4644 3842 7871 8438 974 5796 3827 4900
23 4788 9289 1381 1169 6497 8754 5414 5912 5328 1039 9343 3302 8635 7481 9759 390 6991 301 6782 3405 7881 9097 1646
34 9698 4782 4914 9202 7278 8272 9272 2867 1820 8051 7120 3070 1317 216 1501 6863 7798 7137 7969 7095 6372 1678 5355 6626 9924 5612 4169 3094 9777 8702 7158 5242 2448 8636
36 6843 2167 8035 7448 3122 3829 193 1292 7392 893 8814 9321 8212 7645 5249 1832 7018 5728 9629 3873 1965 6561 2378 4478 2085 5930 7128 2800 9892 8065 721 4178 9206 4763 3705 1129
18 3333 6645 8795 2126 4119 2314 799 4114 5569 1389 9219 3672 9022 4851 1337 6542 2939 2749
22 2507 656 9681 8273 6805 8101 8953 716 5534 8760 9934 3992 1736 1320 4997 1342 3973 940 9489 8231 2951 6214
25 3245 3114 7916 6946 886 3157 5040 7918 4096 6488 4457 7237 8169 9183 4632 9244 1824 9957 8887 3342 3590 8972 8975 3491 2038
40 7140 4410 5351 7232 2434 2044 9284 4834 2043 9441 8125 10 2710 2400 1953 5396 3567 4097 8362 4732 3018 3820 888 3485 1917 4999 6551 5493 33 5555 5544 4363 3260 5316 6594 5563 8156 8641 406 7036
25 580 856 5662 4764 3364 353 508 1431 6641 9056 6201 7750 4440 4518 7538 4237 3300 7939 1291 8569 4876 9597 2102 6753 1615
